[2019-01-29 14:34:47.922] [exthost] [info] extension host started
[2019-01-29 14:34:47.931] [exthost] [info] ExtensionService#_doActivateExtension vscode.debug-auto-launch {"startup":true,"activationEvent":"*"}
[2019-01-29 14:34:47.931] [exthost] [info] ExtensionService#loadCommonJSModule /opt/visual-studio-code/resources/app/extensions/debug-auto-launch/dist/extension
[2019-01-29 14:34:47.933] [exthost] [info] ExtensionService#_doActivateExtension vscode.emmet {"startup":true,"activationEvent":"*"}
[2019-01-29 14:34:47.933] [exthost] [info] ExtensionService#loadCommonJSModule /opt/visual-studio-code/resources/app/extensions/emmet/dist/extension
[2019-01-29 14:34:47.947] [exthost] [info] ExtensionService#_doActivateExtension vscode.git {"startup":true,"activationEvent":"*"}
[2019-01-29 14:34:47.947] [exthost] [info] ExtensionService#loadCommonJSModule /opt/visual-studio-code/resources/app/extensions/git/dist/main
[2019-01-29 14:34:48.016] [exthost] [info] ExtensionService#_doActivateExtension vscode.merge-conflict {"startup":true,"activationEvent":"*"}
[2019-01-29 14:34:48.016] [exthost] [info] ExtensionService#loadCommonJSModule /opt/visual-studio-code/resources/app/extensions/merge-conflict/dist/extension
[2019-01-29 14:34:48.021] [exthost] [info] eager extensions activated
[2019-01-29 14:35:09.841] [exthost] [info] extension host started
[2019-01-29 14:35:09.849] [exthost] [info] ExtensionService#_doActivateExtension vscode.debug-auto-launch {"startup":true,"activationEvent":"*"}
[2019-01-29 14:35:09.849] [exthost] [info] ExtensionService#loadCommonJSModule /opt/visual-studio-code/resources/app/extensions/debug-auto-launch/dist/extension
[2019-01-29 14:35:09.851] [exthost] [info] ExtensionService#_doActivateExtension vscode.emmet {"startup":true,"activationEvent":"*"}
[2019-01-29 14:35:09.851] [exthost] [info] ExtensionService#loadCommonJSModule /opt/visual-studio-code/resources/app/extensions/emmet/dist/extension
[2019-01-29 14:35:09.864] [exthost] [info] ExtensionService#_doActivateExtension vscode.git {"startup":true,"activationEvent":"*"}
[2019-01-29 14:35:09.864] [exthost] [info] ExtensionService#loadCommonJSModule /opt/visual-studio-code/resources/app/extensions/git/dist/main
[2019-01-29 14:35:09.932] [exthost] [info] ExtensionService#_doActivateExtension vscode.merge-conflict {"startup":true,"activationEvent":"*"}
[2019-01-29 14:35:09.932] [exthost] [info] ExtensionService#loadCommonJSModule /opt/visual-studio-code/resources/app/extensions/merge-conflict/dist/extension
[2019-01-29 14:35:09.936] [exthost] [info] ExtensionService#_doActivateExtension shalldie.background {"startup":true,"activationEvent":"*"}
[2019-01-29 14:35:09.936] [exthost] [info] ExtensionService#loadCommonJSModule /root/.vscode/extensions/shalldie.background-1.1.19/out/extension
[2019-01-29 14:35:09.939] [exthost] [info] eager extensions activated
[2019-01-29 14:35:16.792] [exthost] [info] extension host started
[2019-01-29 14:35:16.799] [exthost] [info] ExtensionService#_doActivateExtension vscode.debug-auto-launch {"startup":true,"activationEvent":"*"}
[2019-01-29 14:35:16.799] [exthost] [info] ExtensionService#loadCommonJSModule /opt/visual-studio-code/resources/app/extensions/debug-auto-launch/dist/extension
[2019-01-29 14:35:16.801] [exthost] [info] ExtensionService#_doActivateExtension vscode.emmet {"startup":true,"activationEvent":"*"}
[2019-01-29 14:35:16.801] [exthost] [info] ExtensionService#loadCommonJSModule /opt/visual-studio-code/resources/app/extensions/emmet/dist/extension
[2019-01-29 14:35:16.813] [exthost] [info] ExtensionService#_doActivateExtension vscode.git {"startup":true,"activationEvent":"*"}
[2019-01-29 14:35:16.813] [exthost] [info] ExtensionService#loadCommonJSModule /opt/visual-studio-code/resources/app/extensions/git/dist/main
[2019-01-29 14:35:16.890] [exthost] [info] ExtensionService#_doActivateExtension vscode.merge-conflict {"startup":true,"activationEvent":"*"}
[2019-01-29 14:35:16.890] [exthost] [info] ExtensionService#loadCommonJSModule /opt/visual-studio-code/resources/app/extensions/merge-conflict/dist/extension
[2019-01-29 14:35:16.893] [exthost] [info] ExtensionService#_doActivateExtension shalldie.background {"startup":true,"activationEvent":"*"}
[2019-01-29 14:35:16.893] [exthost] [info] ExtensionService#loadCommonJSModule /root/.vscode/extensions/shalldie.background-1.1.19/out/extension
[2019-01-29 14:35:16.897] [exthost] [info] eager extensions activated
